%!Adobe-FontList 1.19
%Locale:0x409

%BeginFont
Handler:DirectoryHandler
FontType:Type1
FontName:Boughies-Demo
FamilyName:Boughies
StyleName:Demo
FullName:Boughies Demo
MenuName:Boughies Demo
StyleBits:0
WritingScript:Roman
OutlineFileName:D:\Binus\Mulmed\Project\Font\Boughies Demo.ttf
DataFormat:sfntData
UsesStandardEncoding:yes
isCFF:yes
hasSVG:no
VariableFontType:NonVariableFont
FileLength:23624
FileModTime:1574158366
WeightClass:400
WidthClass:5
AngleClass:0
NameArray:0,Mac,4,Boughies Demo
NameArray:0,Win,1,Boughies Demo
NameArray:0,Win,16,Boughies
%EndFont

